<?xml version="1.0" encoding="UTF-8"?>
<!-- Generated by org.testng.reporters.JUnitXMLReporter -->
<testsuite ignored="0" hostname="PF3LTHZW" failures="1" tests="1" name="Surefire test" time="7.03" errors="0" timestamp="2025-02-19T16:25:46 ICT">
  <testcase classname="e2eproject.smoke.demo" name="navigateToProduct" time="1.331">
    <failure type="java.lang.AssertionError" message="expected [19.13] but found [$19.12]">
      <![CDATA[java.lang.AssertionError: expected [19.13] but found [$19.12]
at e2eproject.smoke.demo.navigateToProduct(demo.java:38)
at java.base/java.util.ArrayList.forEach(ArrayList.java:1511)
... Removed 38 stack frames]]>
    </failure>
  </testcase> <!-- navigateToProduct -->
</testsuite> <!-- Surefire test -->
